<?xml version="1.0" encoding="UTF-8"?>
<!-- Generated by org.testng.reporters.JUnitReportReporter -->
<testsuite skipped="0" hostname="HARSHA-PC" name="cts.miniproject.test.DdExcelWordpressLogin" tests="3" failures="0" timestamp="2020-03-30T10:16:42 IST" time="60.112" errors="0">
  <testcase name="loginToWordpress" time="16.505" classname="cts.miniproject.test.DdExcelWordpressLogin"/>
  <system-out/>
  <testcase name="loginToWordpress" time="25.530" classname="cts.miniproject.test.DdExcelWordpressLogin"/>
  <system-out/>
  <testcase name="loginToWordpress" time="18.077" classname="cts.miniproject.test.DdExcelWordpressLogin"/>
  <system-out/>
</testsuite> <!-- cts.miniproject.test.DdExcelWordpressLogin -->
